# JRE version: Java(TM) SE Runtime Environment (7.0_79-b15) (build 1.7.0_79-b15)
# Java VM: Java HotSpot(TM) 64-Bit Server VM (24.79-b02 mixed mode windows-amd64 compressed oops)
Heap
 PSYoungGen      total 320000K, used 26354K [0x00000000eaa80000, 0x0000000100000000, 0x0000000100000000)
  eden space 295424K, 2% used [0x00000000eaa80000,0x00000000eb10a1c8,0x00000000fcb00000)
  from space 24576K, 79% used [0x00000000fe680000,0x00000000ff9b2a10,0x00000000ffe80000)
  to   space 27136K, 0% used [0x00000000fcb00000,0x00000000fcb00000,0x00000000fe580000)
 ParOldGen       total 86016K, used 21759K [0x00000000c0000000, 0x00000000c5400000, 0x00000000eaa80000)
  object space 86016K, 25% used [0x00000000c0000000,0x00000000c153ff20,0x00000000c5400000)
 PSPermGen       total 94720K, used 46442K [0x00000000b0000000, 0x00000000b5c80000, 0x00000000c0000000)
  object space 94720K, 49% used [0x00000000b0000000,0x00000000b2d5aa00,0x00000000b5c80000)
GC Heap History (10 events):
Event: 1188.893 GC heap before
{Heap before GC invocations=16 (full 2):
 PSYoungGen      total 233472K, used 153593K [0x00000000eaa80000, 0x00000000fff80000, 0x0000000100000000)
  eden space 207872K, 72% used [0x00000000eaa80000,0x00000000f3d165e0,0x00000000f7580000)
  from space 25600K, 13% used [0x00000000f7580000,0x00000000f78e8000,0x00000000f8e80000)
  to   space 25088K, 0% used [0x00000000fe700000,0x00000000fe700000,0x00000000fff80000)
 ParOldGen       total 86016K, used 40800K [0x00000000c0000000, 0x00000000c5400000, 0x00000000eaa80000)
  object space 86016K, 47% used [0x00000000c0000000,0x00000000c27d80b0,0x00000000c5400000)
 PSPermGen       total 103424K, used 47099K [0x00000000b0000000, 0x00000000b6500000, 0x00000000c0000000)
  object space 103424K, 45% used [0x00000000b0000000,0x00000000b2dfeed8,0x00000000b6500000)
Event: 1188.899 GC heap after
Heap after GC invocations=16 (full 2):
 PSYoungGen      total 324096K, used 1392K [0x00000000eaa80000, 0x00000000fff80000, 0x0000000100000000)
  eden space 299008K, 0% used [0x00000000eaa80000,0x00000000eaa80000,0x00000000fce80000)
  from space 25088K, 5% used [0x00000000fe700000,0x00000000fe85c010,0x00000000fff80000)
  to   space 25088K, 0% used [0x00000000fce80000,0x00000000fce80000,0x00000000fe700000)
 ParOldGen       total 86016K, used 41652K [0x00000000c0000000, 0x00000000c5400000, 0x00000000eaa80000)
  object space 86016K, 48% used [0x00000000c0000000,0x00000000c28ad0c0,0x00000000c5400000)
 PSPermGen       total 103424K, used 47099K [0x00000000b0000000, 0x00000000b6500000, 0x00000000c0000000)
  object space 103424K, 45% used [0x00000000b0000000,0x00000000b2dfeed8,0x00000000b6500000)
}
Event: 1188.899 GC heap before
{Heap before GC invocations=17 (full 3):
 PSYoungGen      total 324096K, used 1392K [0x00000000eaa80000, 0x00000000fff80000, 0x0000000100000000)
  eden space 299008K, 0% used [0x00000000eaa80000,0x00000000eaa80000,0x00000000fce80000)
  from space 25088K, 5% used [0x00000000fe700000,0x00000000fe85c010,0x00000000fff80000)
  to   space 25088K, 0% used [0x00000000fce80000,0x00000000fce80000,0x00000000fe700000)
 ParOldGen       total 86016K, used 41652K [0x00000000c0000000, 0x00000000c5400000, 0x00000000eaa80000)
  object space 86016K, 48% used [0x00000000c0000000,0x00000000c28ad0c0,0x00000000c5400000)
 PSPermGen       total 103424K, used 47099K [0x00000000b0000000, 0x00000000b6500000, 0x00000000c0000000)
  object space 103424K, 45% used [0x00000000b0000000,0x00000000b2dfeed8,0x00000000b6500000)
Event: 1189.237 GC heap after
Heap after GC invocations=17 (full 3):
 PSYoungGen      total 324096K, used 0K [0x00000000eaa80000, 0x00000000fff80000, 0x0000000100000000)
  eden space 299008K, 0% used [0x00000000eaa80000,0x00000000eaa80000,0x00000000fce80000)
  from space 25088K, 0% used [0x00000000fe700000,0x00000000fe700000,0x00000000fff80000)
  to   space 25088K, 0% used [0x00000000fce80000,0x00000000fce80000,0x00000000fe700000)
 ParOldGen       total 86016K, used 35481K [0x00000000c0000000, 0x00000000c5400000, 0x00000000eaa80000)
  object space 86016K, 41% used [0x00000000c0000000,0x00000000c22a6600,0x00000000c5400000)
 PSPermGen       total 100352K, used 47074K [0x00000000b0000000, 0x00000000b6200000, 0x00000000c0000000)
  object space 100352K, 46% used [0x00000000b0000000,0x00000000b2df8ba0,0x00000000b6200000)
}
Event: 8867.171 GC heap before
{Heap before GC invocations=18 (full 3):
 PSYoungGen      total 324096K, used 178086K [0x00000000eaa80000, 0x00000000fff80000, 0x0000000100000000)
  eden space 299008K, 59% used [0x00000000eaa80000,0x00000000f5869940,0x00000000fce80000)
  from space 25088K, 0% used [0x00000000fe700000,0x00000000fe700000,0x00000000fff80000)
  to   space 25088K, 0% used [0x00000000fce80000,0x00000000fce80000,0x00000000fe700000)
 ParOldGen       total 86016K, used 35481K [0x00000000c0000000, 0x00000000c5400000, 0x00000000eaa80000)
  object space 86016K, 41% used [0x00000000c0000000,0x00000000c22a6600,0x00000000c5400000)
 PSPermGen       total 100352K, used 47276K [0x00000000b0000000, 0x00000000b6200000, 0x00000000c0000000)
  object space 100352K, 47% used [0x00000000b0000000,0x00000000b2e2b078,0x00000000b6200000)
Event: 8867.178 GC heap after
Heap after GC invocations=18 (full 3):
 PSYoungGen      total 301056K, used 1920K [0x00000000eaa80000, 0x00000000ffe80000, 0x0000000100000000)
  eden space 299008K, 0% used [0x00000000eaa80000,0x00000000eaa80000,0x00000000fce80000)
  from space 2048K, 93% used [0x00000000fce80000,0x00000000fd060020,0x00000000fd080000)
  to   space 24576K, 0% used [0x00000000fe680000,0x00000000fe680000,0x00000000ffe80000)
 ParOldGen       total 86016K, used 35481K [0x00000000c0000000, 0x00000000c5400000, 0x00000000eaa80000)
  object space 86016K, 41% used [0x00000000c0000000,0x00000000c22a6600,0x00000000c5400000)
 PSPermGen       total 100352K, used 47276K [0x00000000b0000000, 0x00000000b6200000, 0x00000000c0000000)
  object space 100352K, 47% used [0x00000000b0000000,0x00000000b2e2b078,0x00000000b6200000)
}
Event: 8867.178 GC heap before
{Heap before GC invocations=19 (full 4):
 PSYoungGen      total 301056K, used 1920K [0x00000000eaa80000, 0x00000000ffe80000, 0x0000000100000000)
  eden space 299008K, 0% used [0x00000000eaa80000,0x00000000eaa80000,0x00000000fce80000)
  from space 2048K, 93% used [0x00000000fce80000,0x00000000fd060020,0x00000000fd080000)
  to   space 24576K, 0% used [0x00000000fe680000,0x00000000fe680000,0x00000000ffe80000)
 ParOldGen       total 86016K, used 35481K [0x00000000c0000000, 0x00000000c5400000, 0x00000000eaa80000)
  object space 86016K, 41% used [0x00000000c0000000,0x00000000c22a6600,0x00000000c5400000)
 PSPermGen       total 100352K, used 47276K [0x00000000b0000000, 0x00000000b6200000, 0x00000000c0000000)
  object space 100352K, 47% used [0x00000000b0000000,0x00000000b2e2b078,0x00000000b6200000)
Event: 8867.403 GC heap after
Heap after GC invocations=19 (full 4):
 PSYoungGen      total 301056K, used 0K [0x00000000eaa80000, 0x00000000ffe80000, 0x0000000100000000)
  eden space 299008K, 0% used [0x00000000eaa80000,0x00000000eaa80000,0x00000000fce80000)
  from space 2048K, 0% used [0x00000000fce80000,0x00000000fce80000,0x00000000fd080000)
  to   space 24576K, 0% used [0x00000000fe680000,0x00000000fe680000,0x00000000ffe80000)
 ParOldGen       total 86016K, used 21759K [0x00000000c0000000, 0x00000000c5400000, 0x00000000eaa80000)
  object space 86016K, 25% used [0x00000000c0000000,0x00000000c153ff20,0x00000000c5400000)
 PSPermGen       total 94720K, used 45567K [0x00000000b0000000, 0x00000000b5c80000, 0x00000000c0000000)
  object space 94720K, 48% used [0x00000000b0000000,0x00000000b2c7fe28,0x00000000b5c80000)
}
Event: 9315.408 GC heap before
{Heap before GC invocations=20 (full 4):
 PSYoungGen      total 301056K, used 299008K [0x00000000eaa80000, 0x00000000ffe80000, 0x0000000100000000)
  eden space 299008K, 100% used [0x00000000eaa80000,0x00000000fce80000,0x00000000fce80000)
  from space 2048K, 0% used [0x00000000fce80000,0x00000000fce80000,0x00000000fd080000)
  to   space 24576K, 0% used [0x00000000fe680000,0x00000000fe680000,0x00000000ffe80000)
 ParOldGen       total 86016K, used 21759K [0x00000000c0000000, 0x00000000c5400000, 0x00000000eaa80000)
  object space 86016K, 25% used [0x00000000c0000000,0x00000000c153ff20,0x00000000c5400000)
 PSPermGen       total 94720K, used 46442K [0x00000000b0000000, 0x00000000b5c80000, 0x00000000c0000000)
  object space 94720K, 49% used [0x00000000b0000000,0x00000000b2d5aa00,0x00000000b5c80000)
Event: 9315.439 GC heap after
Heap after GC invocations=20 (full 4):
 PSYoungGen      total 320000K, used 19658K [0x00000000eaa80000, 0x0000000100000000, 0x0000000100000000)
  eden space 295424K, 0% used [0x00000000eaa80000,0x00000000eaa80000,0x00000000fcb00000)
  from space 24576K, 79% used [0x00000000fe680000,0x00000000ff9b2a10,0x00000000ffe80000)
  to   space 27136K, 0% used [0x00000000fcb00000,0x00000000fcb00000,0x00000000fe580000)
 ParOldGen       total 86016K, used 21759K [0x00000000c0000000, 0x00000000c5400000, 0x00000000eaa80000)
  object space 86016K, 25% used [0x00000000c0000000,0x00000000c153ff20,0x00000000c5400000)
 PSPermGen       total 94720K, used 46442K [0x00000000b0000000, 0x00000000b5c80000, 0x00000000c0000000)
  object space 94720K, 49% used [0x00000000b0000000,0x00000000b2d5aa00,0x00000000b5c80000)
}

